2022-04-20 00:26:11,647 [INFO] myApp: My App Logger
2022-04-20 00:26:11,651 [INFO] myApp: My App Logger
2022-04-20 00:26:12,019 [INFO] myApp: My App Logger
2022-04-20 00:26:40,812 [INFO] myApp: My App Logger
2022-04-20 00:26:40,851 [INFO] myApp: My App Logger
2022-04-20 00:26:53,123 [INFO] myApp: My App Logger
2022-04-20 00:26:53,162 [INFO] myApp: My App Logger
2022-04-20 00:27:57,029 [INFO] myApp: My App Logger
2022-04-20 00:27:57,034 [INFO] myApp: My App Logger
2022-04-20 00:27:57,384 [INFO] myApp: My App Logger
2022-04-20 00:28:03,195 [INFO] myApp: My App Logger
2022-04-20 00:28:03,236 [INFO] myApp: My App Logger
2022-04-20 00:28:24,576 [INFO] myApp: My App Logger
2022-04-20 00:28:24,598 [INFO] myApp: My App Logger
2022-04-20 00:28:25,065 [INFO] myApp: My App Logger
2022-04-20 00:28:25,101 [INFO] myApp: My App Logger
2022-04-20 00:37:01,370 [INFO] myApp: My App Logger
2022-04-20 00:37:01,373 [INFO] myApp: My App Logger
2022-04-20 00:37:01,653 [INFO] myApp: My App Logger
2022-04-20 00:37:01,728 [INFO] myApp: My App Logger
2022-04-20 00:37:01,730 [INFO] myApp: My App Logger
2022-04-20 00:37:01,733 [INFO] myApp: My App Logger
2022-04-20 00:37:01,738 [INFO] myApp: My App Logger
2022-04-20 00:37:02,013 [INFO] myApp: My App Logger
2022-04-20 00:37:02,018 [INFO] myApp: My App Logger
2022-04-20 00:37:02,047 [INFO] myApp: My App Logger
2022-04-20 00:37:02,270 [INFO] myApp: My App Logger
2022-04-20 00:37:02,272 [INFO] myApp: My App Logger
2022-04-20 00:37:02,543 [INFO] myApp: My App Logger
2022-04-20 00:37:02,608 [INFO] myApp: My App Logger
2022-04-20 00:37:02,612 [INFO] myApp: My App Logger
2022-04-20 00:37:02,937 [INFO] myApp: My App Logger
2022-04-20 00:37:02,999 [INFO] myApp: My App Logger
2022-04-20 00:37:03,001 [INFO] myApp: My App Logger
2022-04-20 00:37:03,285 [INFO] myApp: My App Logger
2022-04-20 00:37:03,376 [INFO] myApp: My App Logger
2022-04-20 00:37:03,380 [INFO] myApp: My App Logger
2022-04-20 00:37:03,689 [INFO] myApp: My App Logger
2022-04-20 00:37:03,755 [INFO] myApp: My App Logger
2022-04-20 00:37:03,758 [INFO] myApp: My App Logger
2022-04-20 00:37:04,042 [INFO] myApp: My App Logger
2022-04-20 00:37:04,116 [INFO] myApp: My App Logger
2022-04-20 00:37:04,118 [INFO] myApp: My App Logger
2022-04-20 00:37:04,401 [INFO] myApp: My App Logger
2022-04-20 00:37:04,473 [INFO] myApp: My App Logger
2022-04-20 00:37:04,477 [INFO] myApp: My App Logger
2022-04-20 00:37:04,808 [INFO] myApp: My App Logger
2022-04-20 00:37:04,905 [INFO] myApp: My App Logger
2022-04-20 00:37:04,907 [INFO] myApp: My App Logger
2022-04-20 00:37:05,175 [INFO] myApp: My App Logger
2022-04-20 02:27:17,340 [INFO] myApp: My App Logger
2022-04-20 02:27:17,341 [INFO] myApp: My App Logger
2022-04-20 02:27:17,464 [INFO] myApp: My App Logger
2022-04-20 02:27:17,493 [INFO] myApp: My App Logger
2022-04-20 02:27:17,494 [INFO] myApp: My App Logger
2022-04-20 02:27:17,495 [INFO] myApp: My App Logger
2022-04-20 02:27:17,498 [INFO] myApp: My App Logger
2022-04-20 02:27:17,621 [INFO] myApp: My App Logger
2022-04-20 02:27:17,624 [INFO] myApp: My App Logger
2022-04-20 02:27:17,640 [INFO] myApp: My App Logger
2022-04-20 02:27:17,727 [INFO] myApp: My App Logger
2022-04-20 02:27:17,729 [INFO] myApp: My App Logger
2022-04-20 02:27:17,852 [INFO] myApp: My App Logger
2022-04-20 02:27:17,881 [INFO] myApp: My App Logger
2022-04-20 02:27:17,882 [INFO] myApp: My App Logger
2022-04-20 02:27:18,021 [INFO] myApp: My App Logger
2022-04-20 02:27:18,051 [INFO] myApp: My App Logger
2022-04-20 02:27:18,052 [INFO] myApp: My App Logger
2022-04-20 02:27:18,180 [INFO] myApp: My App Logger
2022-04-20 02:27:18,219 [INFO] myApp: My App Logger
2022-04-20 02:27:18,220 [INFO] myApp: My App Logger
2022-04-20 02:27:18,343 [INFO] myApp: My App Logger
2022-04-20 02:27:18,371 [INFO] myApp: My App Logger
2022-04-20 02:27:18,372 [INFO] myApp: My App Logger
2022-04-20 02:27:18,502 [INFO] myApp: My App Logger
2022-04-20 02:27:18,533 [INFO] myApp: My App Logger
2022-04-20 02:27:18,535 [INFO] myApp: My App Logger
2022-04-20 02:27:18,659 [INFO] myApp: My App Logger
2022-04-20 02:27:18,692 [INFO] myApp: My App Logger
2022-04-20 02:27:18,694 [INFO] myApp: My App Logger
2022-04-20 02:27:18,851 [INFO] myApp: My App Logger
2022-04-20 02:27:18,886 [INFO] myApp: My App Logger
2022-04-20 02:27:18,887 [INFO] myApp: My App Logger
2022-04-20 02:27:19,019 [INFO] myApp: My App Logger
2022-04-20 02:33:37,714 [INFO] myApp: My App Logger
2022-04-20 02:33:37,716 [INFO] myApp: My App Logger
2022-04-20 02:33:37,848 [INFO] myApp: My App Logger
2022-04-20 02:33:37,878 [INFO] myApp: My App Logger
2022-04-20 02:33:37,879 [INFO] myApp: My App Logger
2022-04-20 02:33:37,880 [INFO] myApp: My App Logger
2022-04-20 02:33:37,883 [INFO] myApp: My App Logger
2022-04-20 02:33:38,008 [INFO] myApp: My App Logger
2022-04-20 02:33:38,011 [INFO] myApp: My App Logger
2022-04-20 02:33:38,026 [INFO] myApp: My App Logger
2022-04-20 02:33:38,113 [INFO] myApp: My App Logger
2022-04-20 02:33:38,114 [INFO] myApp: My App Logger
2022-04-20 02:33:38,235 [INFO] myApp: My App Logger
2022-04-20 02:33:38,265 [INFO] myApp: My App Logger
2022-04-20 02:33:38,266 [INFO] myApp: My App Logger
2022-04-20 02:33:38,400 [INFO] myApp: My App Logger
2022-04-20 02:33:38,429 [INFO] myApp: My App Logger
2022-04-20 02:33:38,431 [INFO] myApp: My App Logger
2022-04-20 02:33:38,557 [INFO] myApp: My App Logger
2022-04-20 02:33:38,597 [INFO] myApp: My App Logger
2022-04-20 02:33:38,599 [INFO] myApp: My App Logger
2022-04-20 02:33:38,732 [INFO] myApp: My App Logger
2022-04-20 02:33:38,762 [INFO] myApp: My App Logger
2022-04-20 02:33:38,763 [INFO] myApp: My App Logger
2022-04-20 02:33:38,884 [INFO] myApp: My App Logger
2022-04-20 02:33:38,915 [INFO] myApp: My App Logger
2022-04-20 02:33:38,916 [INFO] myApp: My App Logger
2022-04-20 02:33:39,034 [INFO] myApp: My App Logger
2022-04-20 02:33:39,063 [INFO] myApp: My App Logger
2022-04-20 02:33:39,064 [INFO] myApp: My App Logger
2022-04-20 02:33:39,195 [INFO] myApp: My App Logger
2022-04-20 02:33:39,224 [INFO] myApp: My App Logger
2022-04-20 02:33:39,226 [INFO] myApp: My App Logger
2022-04-20 02:33:39,345 [INFO] myApp: My App Logger
2022-04-27 02:02:29,418 [INFO] myApp: My App Logger
2022-04-27 02:02:29,419 [INFO] myApp: My App Logger
2022-04-27 02:02:29,545 [INFO] myApp: My App Logger
2022-04-27 02:02:29,574 [INFO] myApp: My App Logger
2022-04-27 02:02:29,575 [INFO] myApp: My App Logger
2022-04-27 02:02:29,576 [INFO] myApp: My App Logger
2022-04-27 02:02:29,579 [INFO] myApp: My App Logger
2022-04-27 02:02:29,705 [INFO] myApp: My App Logger
2022-04-27 02:02:29,709 [INFO] myApp: My App Logger
2022-04-27 02:02:29,723 [INFO] myApp: My App Logger
2022-04-27 02:02:29,817 [INFO] myApp: My App Logger
2022-04-27 02:02:29,819 [INFO] myApp: My App Logger
2022-04-27 02:02:29,942 [INFO] myApp: My App Logger
2022-04-27 02:02:29,969 [INFO] myApp: My App Logger
2022-04-27 02:02:29,971 [INFO] myApp: My App Logger
2022-04-27 02:02:30,095 [INFO] myApp: My App Logger
2022-04-27 02:02:30,124 [INFO] myApp: My App Logger
2022-04-27 02:02:30,126 [INFO] myApp: My App Logger
2022-04-27 02:02:30,264 [INFO] myApp: My App Logger
2022-04-27 02:02:30,302 [INFO] myApp: My App Logger
2022-04-27 02:02:30,303 [INFO] myApp: My App Logger
2022-04-27 02:02:30,426 [INFO] myApp: My App Logger
2022-04-27 02:02:30,454 [INFO] myApp: My App Logger
2022-04-27 02:02:30,456 [INFO] myApp: My App Logger
2022-04-27 02:02:30,574 [INFO] myApp: My App Logger
2022-04-27 02:02:30,603 [INFO] myApp: My App Logger
2022-04-27 02:02:30,604 [INFO] myApp: My App Logger
2022-04-27 02:02:30,723 [INFO] myApp: My App Logger
2022-04-27 02:02:30,751 [INFO] myApp: My App Logger
2022-04-27 02:02:30,752 [INFO] myApp: My App Logger
2022-04-27 02:02:30,873 [INFO] myApp: My App Logger
2022-04-27 02:02:30,903 [INFO] myApp: My App Logger
2022-04-27 02:02:30,904 [INFO] myApp: My App Logger
2022-04-27 02:02:31,025 [INFO] myApp: My App Logger
2022-04-27 02:02:38,989 [INFO] myApp: My App Logger
2022-04-27 02:02:38,990 [INFO] myApp: My App Logger
2022-04-27 02:02:39,160 [INFO] myApp: My App Logger
2022-04-27 02:02:40,721 [INFO] myApp: My App Logger
2022-04-27 02:02:40,745 [INFO] myApp: My App Logger
2022-04-27 02:02:41,183 [INFO] myApp: My App Logger
2022-04-27 02:02:41,208 [INFO] myApp: My App Logger
2022-04-27 02:02:41,933 [INFO] myApp: My App Logger
2022-04-27 02:02:41,955 [INFO] myApp: My App Logger
2022-04-27 02:02:42,478 [INFO] myApp: My App Logger
2022-04-27 02:02:42,500 [INFO] myApp: My App Logger
2022-04-27 02:02:46,000 [INFO] myApp: My App Logger
2022-04-27 02:02:46,018 [INFO] myApp: My App Logger
2022-04-27 02:02:46,558 [INFO] myApp: My App Logger
2022-04-27 02:02:46,573 [INFO] myApp: My App Logger
2022-04-27 02:36:34,342 [INFO] myApp: My App Logger
2022-04-27 02:36:34,343 [INFO] myApp: My App Logger
2022-04-27 02:36:34,495 [INFO] myApp: My App Logger
2022-04-27 02:36:35,268 [INFO] myApp: My App Logger
2022-04-27 02:36:35,294 [INFO] myApp: My App Logger
2022-04-27 02:36:36,262 [INFO] myApp: My App Logger
2022-04-27 02:36:36,284 [INFO] myApp: My App Logger
2022-04-27 02:36:36,790 [INFO] myApp: My App Logger
2022-04-27 02:36:36,805 [INFO] myApp: My App Logger
2022-04-27 02:36:37,798 [INFO] myApp: My App Logger
2022-04-27 02:36:37,821 [INFO] myApp: My App Logger
2022-04-27 02:36:40,359 [INFO] myApp: My App Logger
2022-04-27 02:36:40,375 [INFO] myApp: My App Logger
2022-04-27 02:36:48,714 [INFO] myApp: My App Logger
2022-04-27 02:36:48,847 [INFO] myApp: My App Logger
2022-04-27 02:36:48,854 [INFO] myApp: My App Logger
2022-04-27 02:36:48,865 [INFO] myApp: My App Logger
2022-04-27 02:36:48,873 [INFO] myApp: My App Logger
2022-04-27 02:36:48,894 [INFO] myApp: My App Logger
2022-04-27 02:36:55,511 [INFO] myApp: My App Logger
2022-04-27 02:36:55,533 [INFO] myApp: My App Logger
2022-04-27 02:36:56,047 [INFO] myApp: My App Logger
2022-04-27 02:36:56,062 [INFO] myApp: My App Logger
2022-04-27 02:36:56,526 [INFO] myApp: My App Logger
2022-04-27 02:36:56,605 [INFO] myApp: My App Logger
2022-04-27 02:36:56,638 [INFO] myApp: My App Logger
2022-04-27 02:39:21,094 [INFO] myApp: My App Logger
2022-04-27 02:39:46,924 [INFO] myApp: My App Logger
2022-04-27 02:39:46,959 [INFO] myApp: My App Logger
2022-04-27 02:39:46,985 [INFO] myApp: My App Logger
2022-04-27 02:39:49,014 [INFO] myApp: My App Logger
2022-04-27 02:39:49,039 [INFO] myApp: My App Logger
2022-04-27 02:54:26,365 [INFO] myApp: My App Logger
2022-04-27 02:54:26,382 [INFO] myApp: My App Logger
2022-04-27 02:54:27,416 [INFO] myApp: My App Logger
2022-04-27 02:54:27,437 [INFO] myApp: My App Logger
2022-04-27 02:54:27,461 [INFO] myApp: My App Logger
2022-04-27 02:54:28,059 [INFO] myApp: My App Logger
2022-04-27 02:54:28,075 [INFO] myApp: My App Logger
2022-04-27 02:54:28,757 [INFO] myApp: My App Logger
2022-04-27 02:54:28,773 [INFO] myApp: My App Logger
2022-04-27 02:54:29,275 [INFO] myApp: My App Logger
2022-04-27 02:54:29,292 [INFO] myApp: My App Logger
2022-04-27 02:54:29,861 [INFO] myApp: My App Logger
2022-04-27 02:54:29,879 [INFO] myApp: My App Logger
2022-04-27 02:54:31,591 [INFO] myApp: My App Logger
2022-04-27 02:54:31,619 [INFO] myApp: My App Logger
2022-04-27 02:54:33,414 [INFO] myApp: My App Logger
2022-04-27 02:54:33,439 [INFO] myApp: My App Logger
2022-04-27 02:54:34,307 [INFO] myApp: My App Logger
2022-04-27 02:54:34,323 [INFO] myApp: My App Logger
2022-04-27 02:54:34,892 [INFO] myApp: My App Logger
2022-04-27 02:54:34,908 [INFO] myApp: My App Logger
2022-04-27 15:08:42,473 [INFO] myApp: My App Logger
2022-04-27 15:08:42,477 [INFO] myApp: My App Logger
2022-04-27 15:08:42,899 [INFO] myApp: My App Logger
2022-04-27 15:08:43,271 [INFO] myApp: My App Logger
2022-04-27 15:08:45,755 [INFO] myApp: My App Logger
2022-04-27 15:08:45,821 [INFO] myApp: My App Logger
2022-04-27 15:10:01,590 [INFO] myApp: My App Logger
2022-04-27 15:10:01,593 [INFO] myApp: My App Logger
2022-04-27 15:10:01,921 [INFO] myApp: My App Logger
2022-04-27 15:10:01,985 [INFO] myApp: My App Logger
2022-04-27 15:10:01,988 [INFO] myApp: My App Logger
2022-04-27 15:10:01,991 [INFO] myApp: My App Logger
2022-04-27 15:10:01,997 [INFO] myApp: My App Logger
2022-04-27 15:10:02,327 [INFO] myApp: My App Logger
2022-04-27 15:10:02,335 [INFO] myApp: My App Logger
2022-04-27 15:10:02,368 [INFO] myApp: My App Logger
2022-04-27 15:10:02,601 [INFO] myApp: My App Logger
2022-04-27 15:10:02,603 [INFO] myApp: My App Logger
2022-04-27 15:10:02,922 [INFO] myApp: My App Logger
2022-04-27 15:10:02,984 [INFO] myApp: My App Logger
2022-04-27 15:10:02,986 [INFO] myApp: My App Logger
2022-04-27 15:10:03,283 [INFO] myApp: My App Logger
2022-04-27 15:10:03,354 [INFO] myApp: My App Logger
2022-04-27 15:10:03,358 [INFO] myApp: My App Logger
2022-04-27 15:10:03,655 [INFO] myApp: My App Logger
2022-04-27 15:10:03,751 [INFO] myApp: My App Logger
2022-04-27 15:10:03,754 [INFO] myApp: My App Logger
2022-04-27 15:10:04,067 [INFO] myApp: My App Logger
2022-04-27 15:10:04,128 [INFO] myApp: My App Logger
2022-04-27 15:10:04,130 [INFO] myApp: My App Logger
2022-04-27 15:10:04,416 [INFO] myApp: My App Logger
2022-04-27 15:10:04,475 [INFO] myApp: My App Logger
2022-04-27 15:10:04,478 [INFO] myApp: My App Logger
2022-04-27 15:10:04,757 [INFO] myApp: My App Logger
2022-04-27 15:10:04,823 [INFO] myApp: My App Logger
2022-04-27 15:10:04,825 [INFO] myApp: My App Logger
2022-04-27 15:10:05,100 [INFO] myApp: My App Logger
2022-04-27 15:10:05,159 [INFO] myApp: My App Logger
2022-04-27 15:10:05,162 [INFO] myApp: My App Logger
2022-04-27 15:10:05,447 [INFO] myApp: My App Logger
2022-04-27 15:12:01,047 [INFO] myApp: My App Logger
2022-04-27 15:12:01,050 [INFO] myApp: My App Logger
2022-04-27 15:12:01,385 [INFO] myApp: My App Logger
2022-04-27 15:12:06,930 [INFO] myApp: My App Logger
2022-04-27 15:12:06,996 [INFO] myApp: My App Logger
2022-04-27 15:12:12,183 [INFO] myApp: My App Logger
2022-04-27 15:12:12,393 [INFO] myApp: My App Logger
2022-04-27 15:12:12,447 [INFO] myApp: My App Logger
2022-04-27 15:12:14,816 [INFO] myApp: My App Logger
2022-04-27 15:12:14,873 [INFO] myApp: My App Logger
2022-04-27 15:12:19,483 [INFO] myApp: My App Logger
2022-04-27 15:12:19,545 [INFO] myApp: My App Logger
2022-04-27 15:12:28,205 [INFO] myApp: My App Logger
2022-04-27 15:12:28,269 [INFO] myApp: My App Logger
2022-04-27 15:12:37,141 [INFO] myApp: My App Logger
2022-04-27 15:12:37,183 [INFO] myApp: My App Logger
2022-04-28 03:01:02,497 [INFO] myApp: My App Logger
2022-04-28 03:01:02,499 [INFO] myApp: My App Logger
2022-04-28 03:01:02,666 [INFO] myApp: My App Logger
2022-04-28 03:01:05,260 [INFO] myApp: My App Logger
2022-04-28 03:01:05,277 [INFO] myApp: My App Logger
2022-04-28 03:08:29,187 [INFO] myApp: My App Logger
2022-04-28 03:08:29,189 [INFO] myApp: My App Logger
2022-04-28 03:08:29,342 [INFO] myApp: My App Logger
2022-04-28 03:11:05,632 [INFO] myApp: My App Logger
2022-04-28 03:11:05,633 [INFO] myApp: My App Logger
2022-04-28 03:11:05,755 [INFO] myApp: My App Logger
2022-04-28 03:11:05,786 [INFO] myApp: My App Logger
2022-04-28 03:11:05,788 [INFO] myApp: My App Logger
2022-04-28 03:11:05,790 [INFO] myApp: My App Logger
2022-04-28 03:11:05,792 [INFO] myApp: My App Logger
2022-04-28 03:11:05,916 [INFO] myApp: My App Logger
2022-04-28 03:11:05,919 [INFO] myApp: My App Logger
2022-04-28 03:11:05,935 [INFO] myApp: My App Logger
2022-04-28 03:11:06,028 [INFO] myApp: My App Logger
2022-04-28 03:11:06,029 [INFO] myApp: My App Logger
2022-04-28 03:11:06,148 [INFO] myApp: My App Logger
2022-04-28 03:11:06,178 [INFO] myApp: My App Logger
2022-04-28 03:11:06,180 [INFO] myApp: My App Logger
2022-04-28 03:11:06,300 [INFO] myApp: My App Logger
2022-04-28 03:11:06,329 [INFO] myApp: My App Logger
2022-04-28 03:11:06,331 [INFO] myApp: My App Logger
2022-04-28 03:11:06,450 [INFO] myApp: My App Logger
2022-04-28 03:11:06,487 [INFO] myApp: My App Logger
2022-04-28 03:11:06,489 [INFO] myApp: My App Logger
2022-04-28 03:11:06,609 [INFO] myApp: My App Logger
2022-04-28 03:11:06,641 [INFO] myApp: My App Logger
2022-04-28 03:11:06,643 [INFO] myApp: My App Logger
2022-04-28 03:11:06,762 [INFO] myApp: My App Logger
2022-04-28 03:11:06,794 [INFO] myApp: My App Logger
2022-04-28 03:11:06,796 [INFO] myApp: My App Logger
2022-04-28 03:11:06,918 [INFO] myApp: My App Logger
2022-04-28 03:11:06,947 [INFO] myApp: My App Logger
2022-04-28 03:11:06,948 [INFO] myApp: My App Logger
2022-04-28 03:11:07,068 [INFO] myApp: My App Logger
2022-04-28 03:11:07,097 [INFO] myApp: My App Logger
2022-04-28 03:11:07,098 [INFO] myApp: My App Logger
2022-04-28 03:11:07,221 [INFO] myApp: My App Logger
2022-04-28 03:11:07,250 [INFO] myApp: My App Logger
2022-04-28 03:11:07,251 [INFO] myApp: My App Logger
2022-04-28 03:11:07,371 [INFO] myApp: My App Logger
2022-04-28 03:11:29,133 [INFO] myApp: My App Logger
2022-04-28 03:11:29,135 [INFO] myApp: My App Logger
2022-04-28 03:11:29,259 [INFO] myApp: My App Logger
2022-04-28 03:11:29,289 [INFO] myApp: My App Logger
2022-04-28 03:11:29,290 [INFO] myApp: My App Logger
2022-04-28 03:11:29,292 [INFO] myApp: My App Logger
2022-04-28 03:11:29,294 [INFO] myApp: My App Logger
2022-04-28 03:11:29,410 [INFO] myApp: My App Logger
2022-04-28 03:11:29,413 [INFO] myApp: My App Logger
2022-04-28 03:11:29,429 [INFO] myApp: My App Logger
2022-04-28 03:11:29,521 [INFO] myApp: My App Logger
2022-04-28 03:11:29,523 [INFO] myApp: My App Logger
2022-04-28 03:11:29,644 [INFO] myApp: My App Logger
2022-04-28 03:11:29,672 [INFO] myApp: My App Logger
2022-04-28 03:11:29,674 [INFO] myApp: My App Logger
2022-04-28 03:11:29,795 [INFO] myApp: My App Logger
2022-04-28 03:11:29,822 [INFO] myApp: My App Logger
2022-04-28 03:11:29,823 [INFO] myApp: My App Logger
2022-04-28 03:11:29,939 [INFO] myApp: My App Logger
2022-04-28 03:11:29,974 [INFO] myApp: My App Logger
2022-04-28 03:11:29,975 [INFO] myApp: My App Logger
2022-04-28 03:11:30,090 [INFO] myApp: My App Logger
2022-04-28 03:11:30,119 [INFO] myApp: My App Logger
2022-04-28 03:11:30,121 [INFO] myApp: My App Logger
2022-04-28 03:11:30,241 [INFO] myApp: My App Logger
2022-04-28 03:11:30,269 [INFO] myApp: My App Logger
2022-04-28 03:11:30,270 [INFO] myApp: My App Logger
2022-04-28 03:11:30,384 [INFO] myApp: My App Logger
2022-04-28 03:11:30,412 [INFO] myApp: My App Logger
2022-04-28 03:11:30,413 [INFO] myApp: My App Logger
2022-04-28 03:11:30,527 [INFO] myApp: My App Logger
2022-04-28 03:11:30,555 [INFO] myApp: My App Logger
2022-04-28 03:11:30,556 [INFO] myApp: My App Logger
2022-04-28 03:11:30,669 [INFO] myApp: My App Logger
2022-04-28 03:25:20,851 [INFO] myApp: My App Logger
2022-04-28 03:25:20,852 [INFO] myApp: My App Logger
2022-04-28 03:25:20,976 [INFO] myApp: My App Logger
2022-04-28 03:25:21,006 [INFO] myApp: My App Logger
2022-04-28 03:25:21,007 [INFO] myApp: My App Logger
2022-04-28 03:25:21,008 [INFO] myApp: My App Logger
2022-04-28 03:25:21,011 [INFO] myApp: My App Logger
2022-04-28 03:25:21,139 [INFO] myApp: My App Logger
2022-04-28 03:25:21,143 [INFO] myApp: My App Logger
2022-04-28 03:25:21,159 [INFO] myApp: My App Logger
2022-04-28 03:25:21,253 [INFO] myApp: My App Logger
2022-04-28 03:25:21,254 [INFO] myApp: My App Logger
2022-04-28 03:25:21,372 [INFO] myApp: My App Logger
2022-04-28 03:25:21,400 [INFO] myApp: My App Logger
2022-04-28 03:25:21,402 [INFO] myApp: My App Logger
2022-04-28 03:25:21,517 [INFO] myApp: My App Logger
2022-04-28 03:25:21,545 [INFO] myApp: My App Logger
2022-04-28 03:25:21,546 [INFO] myApp: My App Logger
2022-04-28 03:25:21,663 [INFO] myApp: My App Logger
2022-04-28 03:25:21,697 [INFO] myApp: My App Logger
2022-04-28 03:25:21,699 [INFO] myApp: My App Logger
2022-04-28 03:25:21,815 [INFO] myApp: My App Logger
2022-04-28 03:25:21,842 [INFO] myApp: My App Logger
2022-04-28 03:25:21,843 [INFO] myApp: My App Logger
2022-04-28 03:25:21,960 [INFO] myApp: My App Logger
2022-04-28 03:25:21,987 [INFO] myApp: My App Logger
2022-04-28 03:25:21,989 [INFO] myApp: My App Logger
2022-04-28 03:25:22,103 [INFO] myApp: My App Logger
2022-04-28 03:25:22,132 [INFO] myApp: My App Logger
2022-04-28 03:25:22,133 [INFO] myApp: My App Logger
2022-04-28 03:25:22,248 [INFO] myApp: My App Logger
2022-04-28 03:25:22,275 [INFO] myApp: My App Logger
2022-04-28 03:25:22,276 [INFO] myApp: My App Logger
2022-04-28 03:25:22,392 [INFO] myApp: My App Logger
2022-04-28 03:26:44,721 [INFO] myApp: My App Logger
2022-04-28 03:26:44,722 [INFO] myApp: My App Logger
2022-04-28 03:26:44,843 [INFO] myApp: My App Logger
2022-04-28 03:26:44,873 [INFO] myApp: My App Logger
2022-04-28 03:26:44,874 [INFO] myApp: My App Logger
2022-04-28 03:26:44,875 [INFO] myApp: My App Logger
2022-04-28 03:26:44,878 [INFO] myApp: My App Logger
2022-04-28 03:26:44,996 [INFO] myApp: My App Logger
2022-04-28 03:26:44,999 [INFO] myApp: My App Logger
2022-04-28 03:26:45,012 [INFO] myApp: My App Logger
2022-04-28 03:26:45,100 [INFO] myApp: My App Logger
2022-04-28 03:26:45,101 [INFO] myApp: My App Logger
2022-04-28 03:26:45,223 [INFO] myApp: My App Logger
2022-04-28 03:26:45,251 [INFO] myApp: My App Logger
2022-04-28 03:26:45,252 [INFO] myApp: My App Logger
2022-04-28 03:26:45,372 [INFO] myApp: My App Logger
2022-04-28 03:26:45,407 [INFO] myApp: My App Logger
2022-04-28 03:26:45,409 [INFO] myApp: My App Logger
2022-04-28 03:26:45,531 [INFO] myApp: My App Logger
2022-04-28 03:26:45,568 [INFO] myApp: My App Logger
2022-04-28 03:26:45,570 [INFO] myApp: My App Logger
2022-04-28 03:26:45,690 [INFO] myApp: My App Logger
2022-04-28 03:26:45,716 [INFO] myApp: My App Logger
2022-04-28 03:26:45,717 [INFO] myApp: My App Logger
2022-04-28 03:26:45,835 [INFO] myApp: My App Logger
2022-04-28 03:26:45,878 [INFO] myApp: My App Logger
2022-04-28 03:26:45,879 [INFO] myApp: My App Logger
2022-04-28 03:26:45,992 [INFO] myApp: My App Logger
2022-04-28 03:26:46,019 [INFO] myApp: My App Logger
2022-04-28 03:26:46,021 [INFO] myApp: My App Logger
2022-04-28 03:26:46,135 [INFO] myApp: My App Logger
2022-04-28 03:26:46,161 [INFO] myApp: My App Logger
2022-04-28 03:26:46,162 [INFO] myApp: My App Logger
2022-04-28 03:26:46,278 [INFO] myApp: My App Logger
2022-04-28 03:35:13,982 [INFO] myApp: My App Logger
2022-04-28 03:35:13,984 [INFO] myApp: My App Logger
2022-04-28 03:35:14,013 [INFO] myApp: My App Logger
2022-04-28 03:35:14,023 [INFO] myApp: My App Logger
2022-04-28 03:35:14,163 [INFO] myApp: My App Logger
2022-04-28 03:36:01,257 [INFO] myApp: My App Logger
2022-04-28 03:36:01,279 [INFO] myApp: My App Logger
2022-04-28 03:36:35,444 [INFO] myApp: My App Logger
2022-04-28 03:36:35,445 [INFO] myApp: My App Logger
2022-04-28 03:36:35,592 [INFO] myApp: My App Logger
2022-04-28 03:36:47,513 [INFO] myApp: My App Logger
2022-04-28 03:36:47,640 [INFO] myApp: My App Logger
2022-04-28 03:36:47,648 [INFO] myApp: My App Logger
2022-04-28 03:36:47,658 [INFO] myApp: My App Logger
2022-04-28 03:36:47,667 [INFO] myApp: My App Logger
2022-04-28 03:36:47,686 [INFO] myApp: My App Logger
2022-04-28 03:36:50,096 [INFO] myApp: My App Logger
2022-04-28 03:36:50,118 [INFO] myApp: My App Logger
2022-04-28 03:40:26,948 [INFO] myApp: My App Logger
2022-04-28 03:40:26,953 [INFO] myApp: My App Logger
2022-04-28 03:41:59,798 [INFO] myApp: My App Logger
2022-04-28 03:41:59,801 [INFO] myApp: My App Logger
2022-04-28 03:42:00,335 [INFO] myApp: My App Logger
2022-04-28 03:42:03,336 [INFO] myApp: My App Logger
2022-04-28 03:42:03,737 [INFO] myApp: My App Logger
2022-04-28 03:43:32,659 [INFO] myApp: My App Logger
2022-04-28 03:43:33,037 [INFO] myApp: My App Logger
2022-04-28 03:43:52,014 [INFO] myApp: My App Logger
2022-04-28 03:43:52,026 [INFO] myApp: My App Logger
2022-04-28 03:43:52,034 [INFO] myApp: My App Logger
2022-04-28 03:43:52,049 [INFO] myApp: My App Logger
2022-04-28 03:43:53,222 [INFO] myApp: My App Logger
2022-04-28 03:43:53,238 [INFO] myApp: My App Logger
2022-04-28 03:43:59,920 [INFO] myApp: My App Logger
2022-04-28 03:44:00,032 [INFO] myApp: My App Logger
2022-04-28 03:44:00,042 [INFO] myApp: My App Logger
2022-04-28 03:44:00,048 [INFO] myApp: My App Logger
2022-04-28 03:44:05,817 [INFO] myApp: My App Logger
2022-04-28 03:44:05,926 [INFO] myApp: My App Logger
2022-04-28 03:44:05,935 [INFO] myApp: My App Logger
2022-04-28 03:44:05,957 [INFO] myApp: My App Logger
2022-04-28 03:44:08,759 [INFO] myApp: My App Logger
2022-04-28 03:44:08,774 [INFO] myApp: My App Logger
2022-04-28 03:44:11,547 [INFO] myApp: My App Logger
2022-04-28 03:44:11,980 [INFO] myApp: My App Logger
2022-04-28 04:00:57,182 [INFO] myApp: My App Logger
2022-04-28 04:00:57,190 [INFO] myApp: My App Logger
2022-04-28 04:00:57,319 [INFO] myApp: My App Logger
2022-04-28 04:00:57,362 [INFO] myApp: My App Logger
2022-04-28 04:00:57,369 [INFO] myApp: My App Logger
2022-04-28 04:00:57,370 [INFO] myApp: My App Logger
2022-04-28 04:00:57,373 [INFO] myApp: My App Logger
2022-04-28 04:00:57,493 [INFO] myApp: My App Logger
2022-04-28 04:00:57,496 [INFO] myApp: My App Logger
2022-04-28 04:00:57,512 [INFO] myApp: My App Logger
2022-04-28 04:00:57,601 [INFO] myApp: My App Logger
2022-04-28 04:00:57,608 [INFO] myApp: My App Logger
2022-04-28 04:00:57,727 [INFO] myApp: My App Logger
2022-04-28 04:00:57,768 [INFO] myApp: My App Logger
2022-04-28 04:00:57,775 [INFO] myApp: My App Logger
2022-04-28 04:00:57,894 [INFO] myApp: My App Logger
2022-04-28 04:00:57,937 [INFO] myApp: My App Logger
2022-04-28 04:00:57,945 [INFO] myApp: My App Logger
2022-04-28 04:00:58,064 [INFO] myApp: My App Logger
2022-04-28 04:00:58,109 [INFO] myApp: My App Logger
2022-04-28 04:00:58,116 [INFO] myApp: My App Logger
2022-04-28 04:00:58,239 [INFO] myApp: My App Logger
2022-04-28 04:00:58,287 [INFO] myApp: My App Logger
2022-04-28 04:00:58,293 [INFO] myApp: My App Logger
2022-04-28 04:00:58,412 [INFO] myApp: My App Logger
2022-04-28 04:00:58,455 [INFO] myApp: My App Logger
2022-04-28 04:00:58,462 [INFO] myApp: My App Logger
2022-04-28 04:00:58,581 [INFO] myApp: My App Logger
2022-04-28 04:00:58,623 [INFO] myApp: My App Logger
2022-04-28 04:00:58,630 [INFO] myApp: My App Logger
2022-04-28 04:00:58,747 [INFO] myApp: My App Logger
2022-04-28 04:00:58,787 [INFO] myApp: My App Logger
2022-04-28 04:00:58,794 [INFO] myApp: My App Logger
2022-04-28 04:00:58,914 [INFO] myApp: My App Logger
2022-04-28 04:00:58,959 [INFO] myApp: <User 'keith@webizly.com'>
2022-04-28 04:01:18,898 [INFO] myApp: My App Logger
2022-04-28 04:01:18,908 [INFO] myApp: My App Logger
2022-04-28 04:01:19,031 [INFO] myApp: My App Logger
2022-04-28 04:01:19,077 [INFO] myApp: My App Logger
2022-04-28 04:01:19,084 [INFO] myApp: My App Logger
2022-04-28 04:01:19,085 [INFO] myApp: My App Logger
2022-04-28 04:01:19,088 [INFO] myApp: My App Logger
2022-04-28 04:01:19,206 [INFO] myApp: My App Logger
2022-04-28 04:01:19,211 [INFO] myApp: My App Logger
2022-04-28 04:01:19,225 [INFO] myApp: My App Logger
2022-04-28 04:01:19,311 [INFO] myApp: My App Logger
2022-04-28 04:01:19,318 [INFO] myApp: My App Logger
2022-04-28 04:01:19,435 [INFO] myApp: My App Logger
2022-04-28 04:01:19,477 [INFO] myApp: My App Logger
2022-04-28 04:01:19,485 [INFO] myApp: My App Logger
2022-04-28 04:01:19,603 [INFO] myApp: My App Logger
2022-04-28 04:01:19,642 [INFO] myApp: My App Logger
2022-04-28 04:01:19,649 [INFO] myApp: My App Logger
2022-04-28 04:01:19,767 [INFO] myApp: My App Logger
2022-04-28 04:01:19,817 [INFO] myApp: My App Logger
2022-04-28 04:01:19,825 [INFO] myApp: My App Logger
2022-04-28 04:01:19,944 [INFO] myApp: My App Logger
2022-04-28 04:01:19,983 [INFO] myApp: My App Logger
2022-04-28 04:01:19,991 [INFO] myApp: My App Logger
2022-04-28 04:01:20,110 [INFO] myApp: My App Logger
2022-04-28 04:01:20,149 [INFO] myApp: My App Logger
2022-04-28 04:01:20,157 [INFO] myApp: My App Logger
2022-04-28 04:01:20,274 [INFO] myApp: My App Logger
2022-04-28 04:01:20,311 [INFO] myApp: My App Logger
2022-04-28 04:01:20,318 [INFO] myApp: My App Logger
2022-04-28 04:01:20,436 [INFO] myApp: My App Logger
2022-04-28 04:01:20,478 [INFO] myApp: My App Logger
2022-04-28 04:01:20,485 [INFO] myApp: My App Logger
2022-04-28 04:01:20,631 [INFO] myApp: My App Logger
2022-04-28 04:01:20,690 [INFO] myApp: None
2022-04-28 04:01:37,581 [INFO] myApp: My App Logger
2022-04-28 04:01:37,588 [INFO] myApp: My App Logger
2022-04-28 04:01:37,712 [INFO] myApp: My App Logger
2022-04-28 04:01:37,757 [INFO] myApp: My App Logger
2022-04-28 04:01:37,764 [INFO] myApp: My App Logger
2022-04-28 04:01:37,765 [INFO] myApp: My App Logger
2022-04-28 04:01:37,767 [INFO] myApp: My App Logger
2022-04-28 04:01:37,888 [INFO] myApp: My App Logger
2022-04-28 04:01:37,891 [INFO] myApp: My App Logger
2022-04-28 04:01:37,905 [INFO] myApp: My App Logger
2022-04-28 04:01:37,997 [INFO] myApp: My App Logger
2022-04-28 04:01:38,004 [INFO] myApp: My App Logger
2022-04-28 04:01:38,123 [INFO] myApp: My App Logger
2022-04-28 04:01:38,163 [INFO] myApp: My App Logger
2022-04-28 04:01:38,171 [INFO] myApp: My App Logger
2022-04-28 04:01:38,294 [INFO] myApp: My App Logger
2022-04-28 04:01:38,337 [INFO] myApp: My App Logger
2022-04-28 04:01:38,344 [INFO] myApp: My App Logger
2022-04-28 04:01:38,464 [INFO] myApp: My App Logger
2022-04-28 04:01:38,513 [INFO] myApp: My App Logger
2022-04-28 04:01:38,520 [INFO] myApp: My App Logger
2022-04-28 04:01:38,647 [INFO] myApp: My App Logger
2022-04-28 04:01:38,695 [INFO] myApp: My App Logger
2022-04-28 04:01:38,702 [INFO] myApp: My App Logger
2022-04-28 04:01:38,820 [INFO] myApp: My App Logger
2022-04-28 04:01:38,859 [INFO] myApp: My App Logger
2022-04-28 04:01:38,865 [INFO] myApp: My App Logger
2022-04-28 04:01:38,983 [INFO] myApp: My App Logger
2022-04-28 04:01:39,041 [INFO] myApp: My App Logger
2022-04-28 04:01:39,058 [INFO] myApp: My App Logger
2022-04-28 04:01:39,178 [INFO] myApp: My App Logger
2022-04-28 04:01:39,221 [INFO] myApp: My App Logger
2022-04-28 04:01:39,228 [INFO] myApp: My App Logger
2022-04-28 04:01:39,346 [INFO] myApp: My App Logger
2022-04-28 04:01:39,391 [INFO] myApp: <User 'tttt@gmail.com'>
2022-04-28 04:04:55,314 [INFO] myApp: My App Logger
2022-04-28 04:04:55,325 [INFO] myApp: My App Logger
2022-04-28 04:04:55,466 [INFO] myApp: My App Logger
2022-04-28 04:04:55,518 [INFO] myApp: My App Logger
2022-04-28 04:04:55,530 [INFO] myApp: My App Logger
2022-04-28 04:04:55,533 [INFO] myApp: My App Logger
2022-04-28 04:04:55,537 [INFO] myApp: My App Logger
2022-04-28 04:04:55,670 [INFO] myApp: My App Logger
2022-04-28 04:04:55,674 [INFO] myApp: My App Logger
2022-04-28 04:04:55,691 [INFO] myApp: My App Logger
2022-04-28 04:04:55,813 [INFO] myApp: My App Logger
2022-04-28 04:04:55,825 [INFO] myApp: My App Logger
2022-04-28 04:04:55,954 [INFO] myApp: My App Logger
2022-04-28 04:04:55,996 [INFO] myApp: My App Logger
2022-04-28 04:04:56,004 [INFO] myApp: My App Logger
2022-04-28 04:04:56,135 [INFO] myApp: My App Logger
2022-04-28 04:04:56,180 [INFO] myApp: My App Logger
2022-04-28 04:04:56,187 [INFO] myApp: My App Logger
2022-04-28 04:04:56,305 [INFO] myApp: My App Logger
2022-04-28 04:04:56,354 [INFO] myApp: My App Logger
2022-04-28 04:04:56,365 [INFO] myApp: My App Logger
2022-04-28 04:04:56,493 [INFO] myApp: My App Logger
2022-04-28 04:04:56,533 [INFO] myApp: My App Logger
2022-04-28 04:04:56,540 [INFO] myApp: My App Logger
2022-04-28 04:04:56,659 [INFO] myApp: My App Logger
2022-04-28 04:04:56,702 [INFO] myApp: My App Logger
2022-04-28 04:04:56,710 [INFO] myApp: My App Logger
2022-04-28 04:04:56,827 [INFO] myApp: My App Logger
2022-04-28 04:04:56,870 [INFO] myApp: My App Logger
2022-04-28 04:04:56,881 [INFO] myApp: My App Logger
2022-04-28 04:04:57,000 [INFO] myApp: My App Logger
2022-04-28 04:04:57,044 [INFO] myApp: My App Logger
2022-04-28 04:04:57,052 [INFO] myApp: My App Logger
2022-04-28 04:04:57,173 [INFO] myApp: My App Logger
2022-04-28 04:04:57,221 [INFO] myApp: <User 'tttt@gmail.com'>
2022-04-28 04:07:02,531 [INFO] myApp: My App Logger
2022-04-28 04:07:02,544 [INFO] myApp: My App Logger
2022-04-28 04:07:02,674 [INFO] myApp: My App Logger
2022-04-28 04:07:02,715 [INFO] myApp: My App Logger
2022-04-28 04:07:02,723 [INFO] myApp: My App Logger
2022-04-28 04:07:02,725 [INFO] myApp: My App Logger
2022-04-28 04:07:02,728 [INFO] myApp: My App Logger
2022-04-28 04:07:02,849 [INFO] myApp: My App Logger
2022-04-28 04:07:02,853 [INFO] myApp: My App Logger
2022-04-28 04:07:02,868 [INFO] myApp: My App Logger
2022-04-28 04:07:02,909 [INFO] myApp: My App Logger
2022-04-28 04:07:02,918 [INFO] myApp: My App Logger
2022-04-28 04:07:03,044 [INFO] myApp: My App Logger
2022-04-28 04:07:03,049 [INFO] myApp: My App Logger
2022-04-28 04:07:03,315 [INFO] myApp: My App Logger
2022-04-28 04:07:03,325 [INFO] myApp: My App Logger
2022-04-28 04:07:03,451 [INFO] myApp: My App Logger
2022-04-28 04:07:03,457 [INFO] myApp: My App Logger
2022-04-28 04:07:03,550 [INFO] myApp: My App Logger
2022-04-28 04:07:03,559 [INFO] myApp: My App Logger
2022-04-28 04:07:03,610 [INFO] myApp: My App Logger
2022-04-28 04:07:03,620 [INFO] myApp: My App Logger
2022-04-28 04:07:03,678 [INFO] myApp: My App Logger
2022-04-28 04:07:03,687 [INFO] myApp: My App Logger
2022-04-28 04:07:03,747 [INFO] myApp: My App Logger
2022-04-28 04:07:03,755 [INFO] myApp: My App Logger
2022-04-28 04:07:03,808 [INFO] myApp: My App Logger
2022-04-28 04:07:03,817 [INFO] myApp: My App Logger
2022-04-28 04:07:03,870 [INFO] myApp: My App Logger
2022-04-28 04:07:03,879 [INFO] myApp: My App Logger
2022-04-28 04:07:04,025 [INFO] myApp: My App Logger
2022-04-28 04:07:04,033 [INFO] myApp: My App Logger
2022-04-28 04:07:04,034 [INFO] myApp: My App Logger
2022-04-28 04:07:04,037 [INFO] myApp: My App Logger
2022-04-28 04:07:04,162 [INFO] myApp: My App Logger
2022-04-28 04:07:04,209 [INFO] myApp: My App Logger
2022-04-28 04:07:04,218 [INFO] myApp: My App Logger
2022-04-28 04:07:04,302 [INFO] myApp: My App Logger
2022-04-28 04:07:04,311 [INFO] myApp: My App Logger
2022-04-28 04:07:04,314 [INFO] myApp: My App Logger
2022-04-28 04:07:04,314 [INFO] myApp: My App Logger
2022-04-28 04:07:04,402 [INFO] myApp: My App Logger
2022-04-28 04:07:04,409 [INFO] myApp: My App Logger
2022-04-28 04:07:04,528 [INFO] myApp: My App Logger
2022-04-28 04:07:04,569 [INFO] myApp: My App Logger
2022-04-28 04:07:04,576 [INFO] myApp: My App Logger
2022-04-28 04:07:04,698 [INFO] myApp: My App Logger
2022-04-28 04:07:04,741 [INFO] myApp: My App Logger
2022-04-28 04:07:04,750 [INFO] myApp: My App Logger
2022-04-28 04:07:04,876 [INFO] myApp: My App Logger
2022-04-28 04:07:04,936 [INFO] myApp: My App Logger
2022-04-28 04:07:04,946 [INFO] myApp: My App Logger
2022-04-28 04:07:05,071 [INFO] myApp: My App Logger
2022-04-28 04:07:05,118 [INFO] myApp: My App Logger
2022-04-28 04:07:05,128 [INFO] myApp: My App Logger
2022-04-28 04:07:05,272 [INFO] myApp: My App Logger
2022-04-28 04:07:05,318 [INFO] myApp: My App Logger
2022-04-28 04:07:05,326 [INFO] myApp: My App Logger
2022-04-28 04:07:05,448 [INFO] myApp: My App Logger
2022-04-28 04:07:05,490 [INFO] myApp: My App Logger
2022-04-28 04:07:05,498 [INFO] myApp: My App Logger
2022-04-28 04:07:05,618 [INFO] myApp: My App Logger
2022-04-28 04:07:05,660 [INFO] myApp: My App Logger
2022-04-28 04:07:05,668 [INFO] myApp: My App Logger
2022-04-28 04:07:05,790 [INFO] myApp: My App Logger
2022-04-28 04:07:05,841 [INFO] myApp: <User 'tttt@gmail.com'>
2022-04-28 04:07:25,638 [INFO] myApp: My App Logger
2022-04-28 04:07:25,647 [INFO] myApp: My App Logger
2022-04-28 04:07:25,767 [INFO] myApp: My App Logger
2022-04-28 04:07:25,811 [INFO] myApp: My App Logger
2022-04-28 04:07:25,819 [INFO] myApp: My App Logger
2022-04-28 04:07:25,820 [INFO] myApp: My App Logger
2022-04-28 04:07:25,823 [INFO] myApp: My App Logger
2022-04-28 04:07:25,941 [INFO] myApp: My App Logger
2022-04-28 04:07:25,944 [INFO] myApp: My App Logger
2022-04-28 04:07:25,959 [INFO] myApp: My App Logger
2022-04-28 04:07:26,003 [INFO] myApp: My App Logger
2022-04-28 04:07:26,011 [INFO] myApp: My App Logger
2022-04-28 04:07:26,128 [INFO] myApp: My App Logger
2022-04-28 04:07:26,134 [INFO] myApp: My App Logger
2022-04-28 04:07:26,404 [INFO] myApp: My App Logger
2022-04-28 04:07:26,412 [INFO] myApp: My App Logger
2022-04-28 04:07:26,528 [INFO] myApp: My App Logger
2022-04-28 04:07:26,569 [INFO] myApp: My App Logger
2022-04-28 04:07:26,577 [INFO] myApp: My App Logger
2022-04-28 04:07:26,697 [INFO] myApp: My App Logger
2022-04-28 04:07:26,738 [INFO] myApp: My App Logger
2022-04-28 04:07:26,746 [INFO] myApp: My App Logger
2022-04-28 04:07:26,864 [INFO] myApp: My App Logger
2022-04-28 04:07:26,913 [INFO] myApp: My App Logger
2022-04-28 04:07:26,920 [INFO] myApp: My App Logger
2022-04-28 04:07:27,040 [INFO] myApp: My App Logger
2022-04-28 04:07:27,078 [INFO] myApp: My App Logger
2022-04-28 04:07:27,085 [INFO] myApp: My App Logger
2022-04-28 04:07:27,205 [INFO] myApp: My App Logger
2022-04-28 04:07:27,245 [INFO] myApp: My App Logger
2022-04-28 04:07:27,251 [INFO] myApp: My App Logger
2022-04-28 04:07:27,365 [INFO] myApp: My App Logger
2022-04-28 04:07:27,403 [INFO] myApp: My App Logger
2022-04-28 04:07:27,411 [INFO] myApp: My App Logger
2022-04-28 04:07:27,529 [INFO] myApp: My App Logger
2022-04-28 04:07:27,569 [INFO] myApp: My App Logger
2022-04-28 04:07:27,577 [INFO] myApp: My App Logger
2022-04-28 04:07:27,695 [INFO] myApp: My App Logger
2022-04-28 04:07:27,745 [INFO] myApp: <User 'tttt@gmail.com'>
2022-04-28 04:08:46,585 [INFO] myApp: My App Logger
2022-04-28 04:08:46,591 [INFO] myApp: My App Logger
2022-04-28 04:08:46,711 [INFO] myApp: My App Logger
2022-04-28 04:08:46,751 [INFO] myApp: My App Logger
2022-04-28 04:08:46,758 [INFO] myApp: My App Logger
2022-04-28 04:08:46,759 [INFO] myApp: My App Logger
2022-04-28 04:08:46,762 [INFO] myApp: My App Logger
2022-04-28 04:08:46,876 [INFO] myApp: My App Logger
2022-04-28 04:08:46,879 [INFO] myApp: My App Logger
2022-04-28 04:08:46,892 [INFO] myApp: My App Logger
2022-04-28 04:08:46,929 [INFO] myApp: My App Logger
2022-04-28 04:08:46,935 [INFO] myApp: My App Logger
2022-04-28 04:08:47,050 [INFO] myApp: My App Logger
2022-04-28 04:08:47,053 [INFO] myApp: My App Logger
2022-04-28 04:08:47,143 [INFO] myApp: My App Logger
2022-04-28 04:08:47,235 [INFO] myApp: My App Logger
2022-04-28 04:08:47,241 [INFO] myApp: My App Logger
2022-04-28 04:08:47,356 [INFO] myApp: My App Logger
2022-04-28 04:08:47,395 [INFO] myApp: My App Logger
2022-04-28 04:08:47,403 [INFO] myApp: My App Logger
2022-04-28 04:08:47,518 [INFO] myApp: My App Logger
2022-04-28 04:08:47,557 [INFO] myApp: My App Logger
2022-04-28 04:08:47,565 [INFO] myApp: My App Logger
2022-04-28 04:08:47,680 [INFO] myApp: My App Logger
2022-04-28 04:08:47,730 [INFO] myApp: My App Logger
2022-04-28 04:08:47,738 [INFO] myApp: My App Logger
2022-04-28 04:08:47,857 [INFO] myApp: My App Logger
2022-04-28 04:08:47,897 [INFO] myApp: My App Logger
2022-04-28 04:08:47,905 [INFO] myApp: My App Logger
2022-04-28 04:08:48,029 [INFO] myApp: My App Logger
2022-04-28 04:08:48,070 [INFO] myApp: My App Logger
2022-04-28 04:08:48,077 [INFO] myApp: My App Logger
2022-04-28 04:08:48,193 [INFO] myApp: My App Logger
2022-04-28 04:08:48,233 [INFO] myApp: My App Logger
2022-04-28 04:08:48,240 [INFO] myApp: My App Logger
2022-04-28 04:08:48,360 [INFO] myApp: My App Logger
2022-04-28 04:08:48,401 [INFO] myApp: My App Logger
2022-04-28 04:08:48,408 [INFO] myApp: My App Logger
2022-04-28 04:08:48,526 [INFO] myApp: My App Logger
2022-04-28 04:08:48,567 [INFO] myApp: <User 'tttt@gmail.com'>
2022-04-28 04:13:07,871 [INFO] myApp: My App Logger
2022-04-28 04:13:07,896 [INFO] myApp: My App Logger
2022-04-28 04:13:08,016 [INFO] myApp: My App Logger
2022-04-28 04:13:08,060 [INFO] myApp: My App Logger
2022-04-28 04:13:08,081 [INFO] myApp: My App Logger
2022-04-28 04:13:08,082 [INFO] myApp: My App Logger
2022-04-28 04:13:08,085 [INFO] myApp: My App Logger
2022-04-28 04:13:08,204 [INFO] myApp: My App Logger
2022-04-28 04:13:08,207 [INFO] myApp: My App Logger
2022-04-28 04:13:08,224 [INFO] myApp: My App Logger
2022-04-28 04:13:08,262 [INFO] myApp: My App Logger
2022-04-28 04:13:08,284 [INFO] myApp: My App Logger
2022-04-28 04:13:08,403 [INFO] myApp: My App Logger
2022-04-28 04:13:08,407 [INFO] myApp: My App Logger
2022-04-28 04:13:08,496 [INFO] myApp: My App Logger
2022-04-28 04:13:08,590 [INFO] myApp: My App Logger
2022-04-28 04:13:08,611 [INFO] myApp: My App Logger
2022-04-28 04:13:08,728 [INFO] myApp: My App Logger
2022-04-28 04:13:08,769 [INFO] myApp: My App Logger
2022-04-28 04:13:08,789 [INFO] myApp: My App Logger
2022-04-28 04:13:08,907 [INFO] myApp: My App Logger
2022-04-28 04:13:08,948 [INFO] myApp: My App Logger
2022-04-28 04:13:08,970 [INFO] myApp: My App Logger
2022-04-28 04:13:09,089 [INFO] myApp: My App Logger
2022-04-28 04:13:09,136 [INFO] myApp: My App Logger
2022-04-28 04:13:09,160 [INFO] myApp: My App Logger
2022-04-28 04:13:09,281 [INFO] myApp: My App Logger
2022-04-28 04:13:09,329 [INFO] myApp: My App Logger
2022-04-28 04:13:09,350 [INFO] myApp: My App Logger
2022-04-28 04:13:09,469 [INFO] myApp: My App Logger
2022-04-28 04:13:09,511 [INFO] myApp: My App Logger
2022-04-28 04:13:09,533 [INFO] myApp: My App Logger
2022-04-28 04:13:09,653 [INFO] myApp: My App Logger
2022-04-28 04:13:09,694 [INFO] myApp: My App Logger
2022-04-28 04:13:09,715 [INFO] myApp: My App Logger
2022-04-28 04:13:09,834 [INFO] myApp: My App Logger
2022-04-28 04:13:09,873 [INFO] myApp: My App Logger
2022-04-28 04:13:09,898 [INFO] myApp: My App Logger
2022-04-28 04:13:10,016 [INFO] myApp: My App Logger
2022-04-28 04:13:10,056 [INFO] myApp: <User 'tttt@gmail.com'>
2022-04-28 04:16:51,578 [INFO] myApp: My App Logger
2022-04-28 04:16:51,700 [INFO] myApp: My App Logger
2022-04-28 04:16:51,748 [INFO] myApp: My App Logger
2022-04-28 04:16:51,749 [INFO] myApp: My App Logger
2022-04-28 04:16:51,752 [INFO] myApp: My App Logger
2022-04-28 04:16:51,869 [INFO] myApp: My App Logger
2022-04-28 04:16:51,872 [INFO] myApp: My App Logger
2022-04-28 04:16:51,885 [INFO] myApp: My App Logger
2022-04-28 04:16:51,929 [INFO] myApp: My App Logger
2022-04-28 04:16:52,044 [INFO] myApp: My App Logger
2022-04-28 04:16:52,047 [INFO] myApp: My App Logger
2022-04-28 04:16:52,135 [INFO] myApp: My App Logger
2022-04-28 04:16:52,223 [INFO] myApp: My App Logger
2022-04-28 04:16:52,339 [INFO] myApp: My App Logger
2022-04-28 04:16:52,389 [INFO] myApp: My App Logger
2022-04-28 04:16:52,507 [INFO] myApp: My App Logger
2022-04-28 04:16:52,559 [INFO] myApp: My App Logger
2022-04-28 04:16:52,681 [INFO] myApp: My App Logger
2022-04-28 04:16:52,740 [INFO] myApp: My App Logger
2022-04-28 04:16:52,856 [INFO] myApp: My App Logger
2022-04-28 04:16:52,903 [INFO] myApp: My App Logger
2022-04-28 04:16:53,020 [INFO] myApp: My App Logger
2022-04-28 04:16:53,067 [INFO] myApp: My App Logger
2022-04-28 04:16:53,182 [INFO] myApp: My App Logger
2022-04-28 04:16:53,237 [INFO] myApp: My App Logger
2022-04-28 04:16:53,352 [INFO] myApp: My App Logger
2022-04-28 04:16:53,410 [INFO] myApp: My App Logger
2022-04-28 04:16:53,526 [INFO] myApp: My App Logger
2022-04-28 04:16:53,567 [INFO] myApp: <User 'tttt@gmail.com'>
2022-04-28 04:17:02,145 [INFO] myApp: My App Logger
2022-04-28 04:17:02,282 [INFO] myApp: My App Logger
2022-04-28 04:17:03,267 [INFO] myApp: My App Logger
2022-04-28 04:17:03,289 [INFO] myApp: My App Logger
2022-04-28 04:17:03,892 [INFO] myApp: My App Logger
2022-04-28 04:17:03,909 [INFO] myApp: My App Logger
2022-04-28 04:17:04,324 [INFO] myApp: My App Logger
2022-04-28 04:17:04,348 [INFO] myApp: My App Logger
2022-04-28 04:17:04,805 [INFO] myApp: My App Logger
2022-04-28 04:17:04,820 [INFO] myApp: My App Logger
2022-04-28 04:20:13,731 [INFO] myApp: My App Logger
2022-04-28 04:20:13,871 [INFO] myApp: My App Logger
2022-04-28 04:20:50,346 [INFO] myApp: My App Logger
2022-04-28 04:20:50,374 [INFO] myApp: My App Logger
2022-04-28 04:20:51,198 [INFO] myApp: My App Logger
2022-04-28 04:23:24,983 [INFO] myApp: My App Logger
2022-04-28 04:23:25,213 [INFO] myApp: My App Logger
2022-04-28 04:23:37,587 [INFO] myApp: My App Logger
2022-04-28 04:23:37,613 [INFO] myApp: My App Logger
2022-04-28 04:23:38,602 [INFO] myApp: My App Logger
2022-04-28 04:23:38,653 [INFO] myApp: My App Logger
2022-04-28 04:26:37,167 [INFO] myApp: My App Logger
2022-04-28 04:26:37,292 [INFO] myApp: My App Logger
2022-04-28 04:26:37,346 [INFO] myApp: My App Logger
2022-04-28 04:26:37,347 [INFO] myApp: My App Logger
2022-04-28 04:26:37,350 [INFO] myApp: My App Logger
2022-04-28 04:26:37,467 [INFO] myApp: My App Logger
2022-04-28 04:26:37,471 [INFO] myApp: My App Logger
2022-04-28 04:26:37,485 [INFO] myApp: My App Logger
2022-04-28 04:26:37,530 [INFO] myApp: My App Logger
2022-04-28 04:26:37,651 [INFO] myApp: My App Logger
2022-04-28 04:26:37,653 [INFO] myApp: My App Logger
2022-04-28 04:26:37,741 [INFO] myApp: My App Logger
2022-04-28 04:26:37,829 [INFO] myApp: My App Logger
2022-04-28 04:26:37,952 [INFO] myApp: My App Logger
2022-04-28 04:26:38,000 [INFO] myApp: My App Logger
2022-04-28 04:26:38,120 [INFO] myApp: My App Logger
2022-04-28 04:26:38,167 [INFO] myApp: My App Logger
2022-04-28 04:26:38,285 [INFO] myApp: My App Logger
2022-04-28 04:26:38,343 [INFO] myApp: My App Logger
2022-04-28 04:26:38,460 [INFO] myApp: My App Logger
2022-04-28 04:26:38,508 [INFO] myApp: My App Logger
2022-04-28 04:26:38,628 [INFO] myApp: My App Logger
2022-04-28 04:26:38,677 [INFO] myApp: My App Logger
2022-04-28 04:26:38,796 [INFO] myApp: My App Logger
2022-04-28 04:26:38,846 [INFO] myApp: My App Logger
2022-04-28 04:26:38,963 [INFO] myApp: My App Logger
2022-04-28 04:26:39,010 [INFO] myApp: My App Logger
2022-04-28 04:26:39,127 [INFO] myApp: My App Logger
2022-04-28 04:26:39,169 [INFO] myApp: <User 'tttt@gmail.com'>
2022-04-28 22:35:25,093 [INFO] myApp: My App Logger
2022-04-28 22:35:25,562 [INFO] myApp: My App Logger
2022-04-28 22:35:25,691 [INFO] myApp: My App Logger
2022-04-28 22:35:25,694 [INFO] myApp: My App Logger
2022-04-28 22:35:25,701 [INFO] myApp: My App Logger
2022-04-28 22:35:26,051 [INFO] myApp: My App Logger
2022-04-28 22:35:26,057 [INFO] myApp: My App Logger
2022-04-28 22:35:26,089 [INFO] myApp: My App Logger
2022-04-28 22:35:26,215 [INFO] myApp: My App Logger
2022-04-28 22:35:26,612 [INFO] myApp: My App Logger
2022-04-28 22:35:26,618 [INFO] myApp: My App Logger
2022-04-28 22:35:26,887 [INFO] myApp: My App Logger
2022-04-28 22:35:27,088 [INFO] myApp: My App Logger
2022-04-28 22:35:27,470 [INFO] myApp: My App Logger
2022-04-28 22:35:27,613 [INFO] myApp: My App Logger
2022-04-28 22:35:27,974 [INFO] myApp: My App Logger
2022-04-28 22:35:28,101 [INFO] myApp: My App Logger
2022-04-28 22:35:28,490 [INFO] myApp: My App Logger
2022-04-28 22:35:28,633 [INFO] myApp: My App Logger
2022-04-28 22:35:28,993 [INFO] myApp: My App Logger
2022-04-28 22:35:29,111 [INFO] myApp: My App Logger
2022-04-28 22:35:29,470 [INFO] myApp: My App Logger
2022-04-28 22:35:29,589 [INFO] myApp: My App Logger
2022-04-28 22:35:29,991 [INFO] myApp: My App Logger
2022-04-28 22:35:30,128 [INFO] myApp: My App Logger
2022-04-28 22:35:30,480 [INFO] myApp: My App Logger
2022-04-28 22:35:30,609 [INFO] myApp: My App Logger
2022-04-28 22:35:31,009 [INFO] myApp: My App Logger
2022-04-28 22:35:31,104 [INFO] myApp: <User 'tttt@gmail.com'>
2022-04-28 22:36:01,284 [INFO] myApp: My App Logger
2022-04-28 22:36:01,639 [INFO] myApp: My App Logger
2022-04-28 22:36:01,893 [INFO] myApp: My App Logger
2022-04-28 22:36:04,281 [INFO] myApp: My App Logger
2022-04-28 22:36:04,620 [INFO] myApp: My App Logger
2022-04-28 22:36:07,855 [INFO] myApp: My App Logger
2022-04-28 22:36:07,915 [INFO] myApp: My App Logger
2022-04-28 22:36:08,715 [INFO] myApp: My App Logger
2022-04-28 22:36:08,764 [INFO] myApp: My App Logger
2022-04-28 22:36:09,413 [INFO] myApp: My App Logger
2022-04-28 22:36:09,458 [INFO] myApp: My App Logger
2022-04-28 22:36:10,162 [INFO] myApp: My App Logger
2022-04-28 22:36:10,278 [INFO] myApp: My App Logger
2022-04-28 22:38:21,779 [INFO] myApp: My App Logger
2022-04-28 22:38:21,830 [INFO] myApp: My App Logger
2022-04-28 22:38:23,072 [INFO] myApp: My App Logger
2022-04-28 22:38:23,181 [INFO] myApp: My App Logger
2022-04-28 22:38:30,491 [INFO] myApp: My App Logger
2022-04-28 22:38:30,521 [INFO] myApp: My App Logger
2022-04-28 22:38:43,920 [INFO] myApp: My App Logger
2022-04-28 22:38:44,035 [INFO] myApp: My App Logger
2022-04-28 22:38:44,954 [INFO] myApp: My App Logger
2022-04-28 22:38:44,986 [INFO] myApp: My App Logger
2022-04-28 22:49:09,561 [INFO] myApp: My App Logger
2022-04-28 22:49:10,118 [INFO] myApp: My App Logger
2022-04-28 22:49:15,516 [INFO] myApp: My App Logger
2022-04-28 22:49:15,574 [INFO] myApp: My App Logger
2022-04-28 22:49:33,550 [INFO] myApp: My App Logger
2022-04-28 22:49:45,555 [INFO] myApp: My App Logger
2022-04-28 22:49:45,676 [INFO] myApp: My App Logger
2022-04-28 22:50:02,687 [INFO] myApp: My App Logger
2022-04-28 22:50:02,746 [INFO] myApp: My App Logger
2022-04-28 22:50:04,735 [INFO] myApp: My App Logger
2022-04-28 22:50:04,789 [INFO] myApp: My App Logger
2022-04-28 22:50:06,920 [INFO] myApp: My App Logger
2022-04-28 22:50:07,037 [INFO] myApp: My App Logger
2022-04-28 22:54:15,921 [INFO] myApp: My App Logger
2022-04-28 22:54:16,495 [INFO] myApp: My App Logger
2022-04-28 22:54:18,057 [INFO] myApp: My App Logger
2022-04-28 22:54:18,120 [INFO] myApp: My App Logger
2022-04-28 22:54:23,275 [INFO] myApp: My App Logger
2022-04-28 22:54:57,030 [INFO] myApp: My App Logger
2022-04-28 22:54:57,608 [INFO] myApp: My App Logger
2022-04-28 22:55:00,970 [INFO] myApp: My App Logger
2022-04-28 22:55:01,043 [INFO] myApp: My App Logger
2022-04-28 22:55:02,035 [INFO] myApp: My App Logger
2022-04-28 22:55:02,148 [INFO] myApp: My App Logger
2022-04-28 22:55:03,115 [INFO] myApp: My App Logger
2022-04-28 22:55:03,148 [INFO] myApp: My App Logger
2022-04-28 22:55:07,169 [INFO] myApp: My App Logger
2022-04-28 22:55:08,385 [INFO] myApp: My App Logger
2022-04-28 22:55:08,401 [INFO] myApp: My App Logger
2022-04-28 22:55:08,543 [INFO] myApp: My App Logger
2022-04-28 22:56:37,491 [INFO] myApp: My App Logger
2022-04-28 22:56:37,882 [INFO] myApp: My App Logger
2022-04-28 22:56:38,039 [INFO] myApp: My App Logger
2022-04-28 22:56:38,042 [INFO] myApp: My App Logger
2022-04-28 22:56:38,047 [INFO] myApp: My App Logger
2022-04-28 22:56:38,318 [INFO] myApp: My App Logger
2022-04-28 22:56:38,324 [INFO] myApp: My App Logger
2022-04-28 22:56:38,354 [INFO] myApp: My App Logger
2022-04-28 22:56:38,542 [INFO] myApp: My App Logger
2022-04-28 22:56:38,818 [INFO] myApp: My App Logger
2022-04-28 22:56:38,824 [INFO] myApp: My App Logger
2022-04-28 22:56:39,032 [INFO] myApp: My App Logger
2022-04-28 22:56:39,226 [INFO] myApp: My App Logger
2022-04-28 22:56:39,510 [INFO] myApp: My App Logger
2022-04-28 22:56:39,608 [INFO] myApp: My App Logger
2022-04-28 22:56:39,932 [INFO] myApp: My App Logger
2022-04-28 22:56:40,050 [INFO] myApp: My App Logger
2022-04-28 22:56:40,345 [INFO] myApp: My App Logger
2022-04-28 22:56:40,502 [INFO] myApp: My App Logger
2022-04-28 22:56:40,790 [INFO] myApp: My App Logger
2022-04-28 22:56:40,894 [INFO] myApp: My App Logger
2022-04-28 22:56:41,198 [INFO] myApp: My App Logger
2022-04-28 22:56:41,303 [INFO] myApp: My App Logger
2022-04-28 22:56:41,608 [INFO] myApp: My App Logger
2022-04-28 22:56:41,716 [INFO] myApp: My App Logger
2022-04-28 22:56:42,000 [INFO] myApp: My App Logger
2022-04-28 22:56:42,129 [INFO] myApp: My App Logger
2022-04-28 22:56:42,407 [INFO] myApp: My App Logger
2022-04-28 22:56:42,491 [INFO] myApp: <User 'tttt@gmail.com'>
